  dir.cpp
C:\Users\User\Bogdanov-Igor\Лабораторная работа 6\dir.cpp(163,16): warning C4129: s: неизвестная escape-последовательность
C:\Users\User\Bogdanov-Igor\Лабораторная работа 6\dir.cpp(163,16): warning C4129: !: неизвестная escape-последовательность
C:\Users\User\Bogdanov-Igor\Лабораторная работа 6\dir.cpp(163,16): warning C4129: .: неизвестная escape-последовательность
C:\Users\User\Bogdanov-Igor\Лабораторная работа 6\dir.cpp(171,18): warning C4129: !: неизвестная escape-последовательность
C:\Users\User\Bogdanov-Igor\Лабораторная работа 6\dir.cpp(171,18): warning C4129: .: неизвестная escape-последовательность
C:\Users\User\Bogdanov-Igor\Лабораторная работа 6\dir.cpp(171,18): warning C4129: ;: неизвестная escape-последовательность
C:\Users\User\Bogdanov-Igor\Лабораторная работа 6\dir.cpp(403,16): warning C4129: s: неизвестная escape-последовательность
C:\Users\User\Bogdanov-Igor\Лабораторная работа 6\dir.cpp(403,16): warning C4129: !: неизвестная escape-последовательность
C:\Users\User\Bogdanov-Igor\Лабораторная работа 6\dir.cpp(403,16): warning C4129: .: неизвестная escape-последовательность
C:\Users\User\Bogdanov-Igor\Лабораторная работа 6\dir.cpp(411,18): warning C4129: !: неизвестная escape-последовательность
C:\Users\User\Bogdanov-Igor\Лабораторная работа 6\dir.cpp(411,18): warning C4129: .: неизвестная escape-последовательность
C:\Users\User\Bogdanov-Igor\Лабораторная работа 6\dir.cpp(411,18): warning C4129: ;: неизвестная escape-последовательность
  file.cpp
  menu.cpp
  tests.cpp
  Создание кода...
C:\Users\User\Bogdanov-Igor\Лабораторная работа 6\dir.cpp(97): warning C4715: dir::get_file_by_index: значение возвращается не при всех путях выполнения
C:\Users\User\Bogdanov-Igor\Лабораторная работа 6\dir.cpp(331): warning C4715: sys_dir::get_file_by_index: значение возвращается не при всех путях выполнения
  Лабораторная работа 6.vcxproj -> C:\Users\User\Bogdanov-Igor\x64\Tetst 6\Лабораторная работа 6.exe
